<?xml version="1.0" encoding="UTF-8"?>
<!-- Generated by org.testng.reporters.JUnitReportReporter -->
<testsuite hostname="DESKTOP-RGU3BLL" failures="0" tests="1" name="aPages.AHome" time="62.736" errors="0" timestamp="2023-02-02T14:37:20 IST" skipped="0">
  <testcase classname="aPages.AHome" name="aNavigate" time="62.736"/>
  <system-out/>
</testsuite> <!-- aPages.AHome -->
